<?xml version="1.0" encoding="UTF-8"?>
<testng-results ignored="0" total="1" passed="1" failed="0" skipped="0">
  <reporter-output>
  </reporter-output>
  <suite started-at="2025-02-12T23:26:29 IST" name="Default suite" finished-at="2025-02-12T23:26:33 IST" duration-ms="3388">
    <groups>
    </groups>
    <test started-at="2025-02-12T23:26:29 IST" name="Default test" finished-at="2025-02-12T23:26:33 IST" duration-ms="3388">
      <class name="firstpackage.PostTypes">
        <test-method signature="post()[pri:0, instance:firstpackage.PostTypes@48bb62]" started-at="2025-02-12T23:26:29 IST" name="post" finished-at="2025-02-12T23:26:33 IST" duration-ms="3313" status="PASS">
          <reporter-output>
          </reporter-output>
        </test-method> <!-- post -->
      </class> <!-- firstpackage.PostTypes -->
    </test> <!-- Default test -->
  </suite> <!-- Default suite -->
</testng-results>
